2021-03-29 00:06:20,647 [INFO] Activator:170 - 


2021-03-29 00:06:20,647 [INFO] Activator:171 - !SESSION log4j initialized
2021-03-29 00:06:25,758 [INFO] McuFinderGlobals:39 - Set McuFinder mode to 2 (CubeIDE integrated)
2021-03-29 00:06:31,006 [INFO] ApplicationProperties:181 - Using Application install path: C:\ST\STM32CubeIDE_1.6.0\STM32CubeIDE\plugins\com.st.stm32cube.common.mx_6.2.0.202102191602
2021-03-29 00:06:31,037 [INFO] DbMcusXml:74 - Set database path to: C:\ST\STM32CubeIDE_1.6.0\STM32CubeIDE\plugins\com.st.stm32cube.common.mx_6.2.0.202102191602\\db\/mcu/
2021-03-29 00:06:31,053 [INFO] DbBoardsPdsc:56 - Set plugin database path to: C:\ST\STM32CubeIDE_1.6.0\STM32CubeIDE\plugins\com.st.stm32cube.common.mx_6.2.0.202102191602\\db\/plugins/boardmanager/
2021-03-29 00:06:31,053 [INFO] DbMcus:258 - Set plugin images path to: C:\ST\STM32CubeIDE_1.6.0\STM32CubeIDE\plugins\com.st.stm32cube.common.mx_6.2.0.202102191602\\db\/plugins/mcufinder/images/
2021-03-29 00:06:31,053 [INFO] DbBoards:264 - Set plugin images path to: C:\ST\STM32CubeIDE_1.6.0\STM32CubeIDE\plugins\com.st.stm32cube.common.mx_6.2.0.202102191602\\db\/plugins/mcufinder/images/
2021-03-29 00:06:31,053 [INFO] DbExamples:333 - Set plugin images path to: C:\ST\STM32CubeIDE_1.6.0\STM32CubeIDE\plugins\com.st.stm32cube.common.mx_6.2.0.202102191602\\db\/plugins/mcufinder/images/
2021-03-29 00:06:31,069 [INFO] DbMcusAds:85 - Set database path to: C:\Users\ASWIN\.stmcufinder\plugins\mcufinder//mcu/
2021-03-29 00:06:31,069 [INFO] DbMcusDocs:110 - Set database path to: C:\Users\ASWIN\.stmcufinder\plugins\mcufinder//mcu/
2021-03-29 00:06:31,069 [INFO] DbMcusJson:65 - Set database path to: C:\Users\ASWIN\.stmcufinder\plugins\mcufinder//mcu/
2021-03-29 00:06:31,069 [INFO] DbBoardsDocs:110 - Set database path to: C:\Users\ASWIN\.stmcufinder\plugins\mcufinder//mcu/
2021-03-29 00:06:31,069 [INFO] DbBoardsJson:58 - Set database path to: C:\Users\ASWIN\.stmcufinder\plugins\mcufinder//mcu/
2021-03-29 00:06:31,084 [INFO] CrossReferenceDbSqlite:196 - Set database path to: C:\Users\ASWIN\.stmcufinder\plugins\mcufinder//mcu/cs/
2021-03-29 00:06:31,084 [INFO] DbExamplesSqlite:690 - Set database path to: C:\Users\ASWIN\.stmcufinder\plugins\mcufinder//mcu/
2021-03-29 00:06:31,287 [INFO] RulesReader:52 - Compatibility file has been processed (237 Rules)
2021-03-29 00:06:31,397 [INFO] MicroXplorer:622 - Detected Java Version = 11.0.9.1
2021-03-29 00:06:31,397 [INFO] DbMcusXml:74 - Set database path to: C:\ST\STM32CubeIDE_1.6.0\STM32CubeIDE\plugins\com.st.stm32cube.common.mx_6.2.0.202102191602\\db\/mcu/
2021-03-29 00:06:31,397 [INFO] DbBoardsPdsc:56 - Set plugin database path to: C:\ST\STM32CubeIDE_1.6.0\STM32CubeIDE\plugins\com.st.stm32cube.common.mx_6.2.0.202102191602\\db\/plugins/boardmanager/
2021-03-29 00:06:31,397 [INFO] DbMcus:258 - Set plugin images path to: C:\ST\STM32CubeIDE_1.6.0\STM32CubeIDE\plugins\com.st.stm32cube.common.mx_6.2.0.202102191602\\db\/plugins/mcufinder/images/
2021-03-29 00:06:31,397 [INFO] DbBoards:264 - Set plugin images path to: C:\ST\STM32CubeIDE_1.6.0\STM32CubeIDE\plugins\com.st.stm32cube.common.mx_6.2.0.202102191602\\db\/plugins/mcufinder/images/
2021-03-29 00:06:31,397 [INFO] DbExamples:333 - Set plugin images path to: C:\ST\STM32CubeIDE_1.6.0\STM32CubeIDE\plugins\com.st.stm32cube.common.mx_6.2.0.202102191602\\db\/plugins/mcufinder/images/
2021-03-29 00:06:31,397 [WARN] DbFile:35 - Overriding database path with different value: C:\Users\ASWIN\.stmcufinder\plugins\mcufinder/ => C:\Users\ASWIN\.stmcufinder\plugins\mcufinder
2021-03-29 00:06:31,397 [INFO] DbMcusAds:85 - Set database path to: C:\Users\ASWIN\.stmcufinder\plugins\mcufinder//mcu/
2021-03-29 00:06:31,397 [WARN] DbFile:35 - Overriding database path with different value: C:\Users\ASWIN\.stmcufinder\plugins\mcufinder/ => C:\Users\ASWIN\.stmcufinder\plugins\mcufinder
2021-03-29 00:06:31,397 [INFO] DbMcusDocs:110 - Set database path to: C:\Users\ASWIN\.stmcufinder\plugins\mcufinder//mcu/
2021-03-29 00:06:31,397 [WARN] DbFile:35 - Overriding database path with different value: C:\Users\ASWIN\.stmcufinder\plugins\mcufinder/ => C:\Users\ASWIN\.stmcufinder\plugins\mcufinder
2021-03-29 00:06:31,397 [INFO] DbMcusJson:65 - Set database path to: C:\Users\ASWIN\.stmcufinder\plugins\mcufinder//mcu/
2021-03-29 00:06:31,397 [WARN] DbFile:35 - Overriding database path with different value: C:\Users\ASWIN\.stmcufinder\plugins\mcufinder/ => C:\Users\ASWIN\.stmcufinder\plugins\mcufinder
2021-03-29 00:06:31,397 [INFO] DbBoardsDocs:110 - Set database path to: C:\Users\ASWIN\.stmcufinder\plugins\mcufinder//mcu/
2021-03-29 00:06:31,397 [WARN] DbFile:35 - Overriding database path with different value: C:\Users\ASWIN\.stmcufinder\plugins\mcufinder/ => C:\Users\ASWIN\.stmcufinder\plugins\mcufinder
2021-03-29 00:06:31,397 [INFO] DbBoardsJson:58 - Set database path to: C:\Users\ASWIN\.stmcufinder\plugins\mcufinder//mcu/
2021-03-29 00:06:31,397 [WARN] DbFile:35 - Overriding database path with different value: C:\Users\ASWIN\.stmcufinder\plugins\mcufinder/ => C:\Users\ASWIN\.stmcufinder\plugins\mcufinder
2021-03-29 00:06:31,397 [WARN] DbFile:35 - Overriding database path with different value: C:\Users\ASWIN\.stmcufinder\plugins\mcufinder/ => C:\Users\ASWIN\.stmcufinder\plugins\mcufinder
2021-03-29 00:06:31,397 [INFO] CrossReferenceDbSqlite:196 - Set database path to: C:\Users\ASWIN\.stmcufinder\plugins\mcufinder//mcu/cs/
2021-03-29 00:06:31,397 [WARN] DbFile:35 - Overriding database path with different value: C:\Users\ASWIN\.stmcufinder\plugins\mcufinder/ => C:\Users\ASWIN\.stmcufinder\plugins\mcufinder
2021-03-29 00:06:31,397 [INFO] DbExamplesSqlite:690 - Set database path to: C:\Users\ASWIN\.stmcufinder\plugins\mcufinder//mcu/
2021-03-29 00:06:31,475 [INFO] MainPanel:204 - HeapMemory: 268435456
2021-03-29 00:06:31,569 [INFO] DbMcusXml:74 - Set database path to: C:\ST\STM32CubeIDE_1.6.0\STM32CubeIDE\plugins\com.st.stm32cube.common.mx_6.2.0.202102191602\\db\/mcu/
2021-03-29 00:06:31,569 [INFO] DbBoardsPdsc:56 - Set plugin database path to: C:\ST\STM32CubeIDE_1.6.0\STM32CubeIDE\plugins\com.st.stm32cube.common.mx_6.2.0.202102191602\\db\/plugins/boardmanager/
2021-03-29 00:06:31,569 [INFO] DbMcus:258 - Set plugin images path to: C:\ST\STM32CubeIDE_1.6.0\STM32CubeIDE\plugins\com.st.stm32cube.common.mx_6.2.0.202102191602\\db\/plugins/mcufinder/images/
2021-03-29 00:06:31,569 [INFO] DbBoards:264 - Set plugin images path to: C:\ST\STM32CubeIDE_1.6.0\STM32CubeIDE\plugins\com.st.stm32cube.common.mx_6.2.0.202102191602\\db\/plugins/mcufinder/images/
2021-03-29 00:06:31,569 [INFO] DbExamples:333 - Set plugin images path to: C:\ST\STM32CubeIDE_1.6.0\STM32CubeIDE\plugins\com.st.stm32cube.common.mx_6.2.0.202102191602\\db\/plugins/mcufinder/images/
2021-03-29 00:06:31,569 [WARN] DbFile:35 - Overriding database path with different value: C:\Users\ASWIN\.stmcufinder\plugins\mcufinder/ => C:\Users\ASWIN\.stmcufinder\plugins\mcufinder
2021-03-29 00:06:31,569 [INFO] DbMcusAds:85 - Set database path to: C:\Users\ASWIN\.stmcufinder\plugins\mcufinder//mcu/
2021-03-29 00:06:31,569 [WARN] DbFile:35 - Overriding database path with different value: C:\Users\ASWIN\.stmcufinder\plugins\mcufinder/ => C:\Users\ASWIN\.stmcufinder\plugins\mcufinder
2021-03-29 00:06:31,569 [INFO] DbMcusDocs:110 - Set database path to: C:\Users\ASWIN\.stmcufinder\plugins\mcufinder//mcu/
2021-03-29 00:06:31,569 [WARN] DbFile:35 - Overriding database path with different value: C:\Users\ASWIN\.stmcufinder\plugins\mcufinder/ => C:\Users\ASWIN\.stmcufinder\plugins\mcufinder
2021-03-29 00:06:31,569 [INFO] DbMcusJson:65 - Set database path to: C:\Users\ASWIN\.stmcufinder\plugins\mcufinder//mcu/
2021-03-29 00:06:31,569 [WARN] DbFile:35 - Overriding database path with different value: C:\Users\ASWIN\.stmcufinder\plugins\mcufinder/ => C:\Users\ASWIN\.stmcufinder\plugins\mcufinder
2021-03-29 00:06:31,569 [INFO] DbBoardsDocs:110 - Set database path to: C:\Users\ASWIN\.stmcufinder\plugins\mcufinder//mcu/
2021-03-29 00:06:31,569 [WARN] DbFile:35 - Overriding database path with different value: C:\Users\ASWIN\.stmcufinder\plugins\mcufinder/ => C:\Users\ASWIN\.stmcufinder\plugins\mcufinder
2021-03-29 00:06:31,569 [INFO] DbBoardsJson:58 - Set database path to: C:\Users\ASWIN\.stmcufinder\plugins\mcufinder//mcu/
2021-03-29 00:06:31,569 [WARN] DbFile:35 - Overriding database path with different value: C:\Users\ASWIN\.stmcufinder\plugins\mcufinder/ => C:\Users\ASWIN\.stmcufinder\plugins\mcufinder
2021-03-29 00:06:31,569 [WARN] DbFile:35 - Overriding database path with different value: C:\Users\ASWIN\.stmcufinder\plugins\mcufinder/ => C:\Users\ASWIN\.stmcufinder\plugins\mcufinder
2021-03-29 00:06:31,569 [INFO] CrossReferenceDbSqlite:196 - Set database path to: C:\Users\ASWIN\.stmcufinder\plugins\mcufinder//mcu/cs/
2021-03-29 00:06:31,569 [WARN] DbFile:35 - Overriding database path with different value: C:\Users\ASWIN\.stmcufinder\plugins\mcufinder/ => C:\Users\ASWIN\.stmcufinder\plugins\mcufinder
2021-03-29 00:06:31,569 [INFO] DbExamplesSqlite:690 - Set database path to: C:\Users\ASWIN\.stmcufinder\plugins\mcufinder//mcu/
2021-03-29 00:06:31,600 [INFO] ApplicationProperties:181 - Using Application install path: C:\ST\STM32CubeIDE_1.6.0\STM32CubeIDE\plugins\com.st.stm32cube.common.mx_6.2.0.202102191602
2021-03-29 00:06:31,600 [INFO] PluginManage:178 - Search for loadable plugins [exclusion list=, ]
2021-03-29 00:06:31,600 [INFO] PluginManage:292 - Check plugin analytics
2021-03-29 00:06:31,865 [INFO] AnalyticsPlugin:233 - Accepted Software Licenses: 
2021-03-29 00:06:31,865 [INFO] AnalyticsPlugin:235 - Accepted CMSIS Pack Licenses: 
2021-03-29 00:06:31,865 [INFO] AnalyticsPlugin:237 - Accepted Firmware Licenses: 
2021-03-29 00:06:31,865 [INFO] PluginManage:342 - Loaded plugin analytics (category:tool,tabindex:-1)
2021-03-29 00:06:31,865 [INFO] PluginManage:292 - Check plugin clock
2021-03-29 00:06:31,881 [INFO] PluginManage:342 - Loaded plugin clock (category:base,tabindex:2)
2021-03-29 00:06:31,881 [INFO] PluginManage:292 - Check plugin ddr
2021-03-29 00:06:31,897 [INFO] PluginManage:342 - Loaded plugin ddr (category:tool,tabindex:6)
2021-03-29 00:06:31,897 [INFO] PluginManage:292 - Check plugin filemanager
2021-03-29 00:06:32,068 [INFO] PluginManage:342 - Loaded plugin filemanager (category:base,tabindex:10)
2021-03-29 00:06:32,068 [INFO] PluginManage:292 - Check plugin ipmanager
2021-03-29 00:06:32,068 [INFO] PluginManage:342 - Loaded plugin ipmanager (category:base,tabindex:5)
2021-03-29 00:06:32,068 [INFO] PluginManage:292 - Check plugin pinoutandconfiguration
2021-03-29 00:06:32,147 [INFO] PluginManage:342 - Loaded plugin pinoutandconfiguration (category:base,tabindex:1)
2021-03-29 00:06:32,147 [INFO] PluginManage:292 - Check plugin pinoutconfig
2021-03-29 00:06:32,178 [INFO] PluginManage:342 - Loaded plugin pinoutconfig (category:base,tabindex:0)
2021-03-29 00:06:32,178 [INFO] PluginManage:292 - Check plugin power
2021-03-29 00:06:32,303 [INFO] PluginManage:342 - Loaded plugin power (category:power,tabindex:4)
2021-03-29 00:06:32,303 [INFO] PluginManage:292 - Check plugin projectmanager
2021-03-29 00:06:32,318 [INFO] PluginManage:342 - Loaded plugin projectmanager (category:projectmanager,tabindex:3)
2021-03-29 00:06:32,318 [INFO] PluginManage:292 - Check plugin thirdparty
2021-03-29 00:06:32,646 [INFO] PluginManage:342 - Loaded plugin thirdparty (category:base,tabindex:-1)
2021-03-29 00:06:32,646 [WARN] IntegrityCheckThread:59 - waiting for thirdparty lock release [integrity check]
2021-03-29 00:06:32,646 [INFO] PluginManage:292 - Check plugin tools
2021-03-29 00:06:32,646 [INFO] IntegrityCheckThread:61 - entering critical section [integrity check]
2021-03-29 00:06:32,646 [INFO] ThirdPartyUpdaterWithRetryManager:56 - Updater plugin not ready yet. [1/15]
2021-03-29 00:06:32,693 [INFO] PluginManage:342 - Loaded plugin tools (category:base,tabindex:7)
2021-03-29 00:06:32,693 [INFO] PluginManage:292 - Check plugin tutovideos
2021-03-29 00:06:33,021 [INFO] PluginManage:342 - Loaded plugin tutovideos (category:base,tabindex:-1)
2021-03-29 00:06:33,021 [INFO] PluginManage:292 - Check plugin updater
2021-03-29 00:06:33,037 [INFO] PluginManage:342 - Loaded plugin updater (category:base,tabindex:12)
2021-03-29 00:06:33,037 [INFO] PluginManage:265 - PluginManage : Loaded plugins [13]
2021-03-29 00:06:33,240 [INFO] PinOutPanel:1435 - setPackage(No Configuration,No Configuration)
2021-03-29 00:06:33,412 [INFO] IPUIPlugin:64 - create IPUIPlugin
2021-03-29 00:06:33,412 [INFO] PluginManager:203 - loadIPPluginJar : add adc
2021-03-29 00:06:33,428 [INFO] IPUIPlugin:64 - create IPUIPlugin
2021-03-29 00:06:33,428 [INFO] PluginManager:203 - loadIPPluginJar : add aes
2021-03-29 00:06:33,459 [INFO] IPUIPlugin:64 - create IPUIPlugin
2021-03-29 00:06:33,459 [INFO] PluginManager:203 - loadIPPluginJar : add can
2021-03-29 00:06:33,474 [INFO] IPUIPlugin:64 - create IPUIPlugin
2021-03-29 00:06:33,474 [INFO] PluginManager:203 - loadIPPluginJar : add comp
2021-03-29 00:06:33,506 [INFO] IPUIPlugin:64 - create IPUIPlugin
2021-03-29 00:06:33,506 [INFO] PluginManager:203 - loadIPPluginJar : add cryp
2021-03-29 00:06:33,537 [INFO] IPUIPlugin:64 - create IPUIPlugin
2021-03-29 00:06:33,537 [INFO] PluginManager:203 - loadIPPluginJar : add dfsdm
2021-03-29 00:06:33,599 [INFO] IPUIPlugin:64 - create IPUIPlugin
2021-03-29 00:06:33,599 [INFO] PluginManager:203 - loadIPPluginJar : add dma
2021-03-29 00:06:33,615 [INFO] IPUIPlugin:64 - create IPUIPlugin
2021-03-29 00:06:33,615 [INFO] PluginManager:203 - loadIPPluginJar : add fatfs
2021-03-29 00:06:33,646 [INFO] IPUIPlugin:64 - create IPUIPlugin
2021-03-29 00:06:33,646 [INFO] PluginManager:203 - loadIPPluginJar : add fmc
2021-03-29 00:06:33,677 [INFO] IPUIPlugin:64 - create IPUIPlugin
2021-03-29 00:06:33,677 [INFO] PluginManager:203 - loadIPPluginJar : add freertos
2021-03-29 00:06:33,709 [INFO] IPUIPlugin:64 - create IPUIPlugin
2021-03-29 00:06:33,709 [INFO] PluginManager:203 - loadIPPluginJar : add genericplugin
2021-03-29 00:06:33,756 [INFO] IPUIPlugin:64 - create IPUIPlugin
2021-03-29 00:06:33,756 [INFO] PluginManager:203 - loadIPPluginJar : add gfxmmu
2021-03-29 00:06:33,834 [INFO] IPUIPlugin:64 - create IPUIPlugin
2021-03-29 00:06:33,834 [INFO] PluginManager:203 - loadIPPluginJar : add gic
2021-03-29 00:06:33,974 [INFO] IPUIPlugin:64 - create IPUIPlugin
2021-03-29 00:06:33,974 [INFO] PluginManager:203 - loadIPPluginJar : add gpio
2021-03-29 00:06:34,021 [INFO] IPUIPlugin:64 - create IPUIPlugin
2021-03-29 00:06:34,021 [INFO] PluginManager:203 - loadIPPluginJar : add gtzc
2021-03-29 00:06:34,037 [INFO] IPUIPlugin:64 - create IPUIPlugin
2021-03-29 00:06:34,037 [INFO] PluginManager:203 - loadIPPluginJar : add hash
2021-03-29 00:06:34,084 [INFO] IPUIPlugin:64 - create IPUIPlugin
2021-03-29 00:06:34,084 [INFO] PluginManager:203 - loadIPPluginJar : add i2c
2021-03-29 00:06:34,115 [INFO] IPUIPlugin:64 - create IPUIPlugin
2021-03-29 00:06:34,115 [INFO] PluginManager:203 - loadIPPluginJar : add i2s
2021-03-29 00:06:34,162 [INFO] IPUIPlugin:64 - create IPUIPlugin
2021-03-29 00:06:34,162 [INFO] PluginManager:203 - loadIPPluginJar : add ipddr
2021-03-29 00:06:34,193 [INFO] IPUIPlugin:64 - create IPUIPlugin
2021-03-29 00:06:34,193 [INFO] PluginManager:203 - loadIPPluginJar : add lorawan
2021-03-29 00:06:34,209 [INFO] IPUIPlugin:64 - create IPUIPlugin
2021-03-29 00:06:34,209 [INFO] PluginManager:203 - loadIPPluginJar : add ltdc
2021-03-29 00:06:34,302 [INFO] IPUIPlugin:64 - create IPUIPlugin
2021-03-29 00:06:34,302 [INFO] PluginManager:203 - loadIPPluginJar : add mdma
2021-03-29 00:06:34,430 [INFO] IPUIPlugin:64 - create IPUIPlugin
2021-03-29 00:06:34,430 [INFO] PluginManager:203 - loadIPPluginJar : add nvic
2021-03-29 00:06:34,461 [INFO] IPUIPlugin:64 - create IPUIPlugin
2021-03-29 00:06:34,461 [INFO] PluginManager:203 - loadIPPluginJar : add opamp
2021-03-29 00:06:34,492 [INFO] IPUIPlugin:64 - create IPUIPlugin
2021-03-29 00:06:34,492 [INFO] PluginManager:203 - loadIPPluginJar : add openamp
2021-03-29 00:06:34,524 [INFO] IPUIPlugin:64 - create IPUIPlugin
2021-03-29 00:06:34,524 [INFO] PluginManager:203 - loadIPPluginJar : add pdm2pcm
2021-03-29 00:06:34,664 [INFO] IPUIPlugin:64 - create IPUIPlugin
2021-03-29 00:06:34,664 [INFO] PluginManager:203 - loadIPPluginJar : add plateformsettings
2021-03-29 00:06:34,680 [INFO] IPUIPlugin:64 - create IPUIPlugin
2021-03-29 00:06:34,680 [INFO] PluginManager:203 - loadIPPluginJar : add quadspi
2021-03-29 00:06:34,711 [INFO] IPUIPlugin:64 - create IPUIPlugin
2021-03-29 00:06:34,711 [INFO] PluginManager:203 - loadIPPluginJar : add resmgrutility
2021-03-29 00:06:34,742 [INFO] IPUIPlugin:64 - create IPUIPlugin
2021-03-29 00:06:34,742 [INFO] PluginManager:203 - loadIPPluginJar : add sai
2021-03-29 00:06:34,773 [INFO] IPUIPlugin:64 - create IPUIPlugin
2021-03-29 00:06:34,773 [INFO] PluginManager:203 - loadIPPluginJar : add spi
2021-03-29 00:06:34,805 [INFO] IPUIPlugin:64 - create IPUIPlugin
2021-03-29 00:06:34,805 [INFO] PluginManager:203 - loadIPPluginJar : add stm32_wpan
2021-03-29 00:06:34,836 [INFO] IPUIPlugin:64 - create IPUIPlugin
2021-03-29 00:06:34,836 [INFO] PluginManager:203 - loadIPPluginJar : add tim
2021-03-29 00:06:34,867 [INFO] IPUIPlugin:64 - create IPUIPlugin
2021-03-29 00:06:34,867 [INFO] PluginManager:203 - loadIPPluginJar : add touchsensing
2021-03-29 00:06:34,883 [INFO] IPUIPlugin:64 - create IPUIPlugin
2021-03-29 00:06:34,883 [INFO] PluginManager:203 - loadIPPluginJar : add tracer_emb
2021-03-29 00:06:34,898 [INFO] IPUIPlugin:64 - create IPUIPlugin
2021-03-29 00:06:34,898 [INFO] PluginManager:203 - loadIPPluginJar : add ts
2021-03-29 00:06:34,914 [INFO] IPUIPlugin:64 - create IPUIPlugin
2021-03-29 00:06:34,930 [INFO] PluginManager:203 - loadIPPluginJar : add tsc
2021-03-29 00:06:34,945 [INFO] IPUIPlugin:64 - create IPUIPlugin
2021-03-29 00:06:34,945 [INFO] PluginManager:203 - loadIPPluginJar : add ucpd
2021-03-29 00:06:34,977 [INFO] IPUIPlugin:64 - create IPUIPlugin
2021-03-29 00:06:34,977 [INFO] PluginManager:203 - loadIPPluginJar : add usart
2021-03-29 00:06:35,290 [FATAL] Updater:284 - Updater called before beeing initialized
2021-03-29 00:06:35,415 [FATAL] Updater:284 - Updater called before beeing initialized
2021-03-29 00:06:35,415 [INFO] DbMcusAds:132 - JSON generation date=Thu Feb 11 20:25:24 IST 2021 (1613055324029)
2021-03-29 00:06:35,415 [FATAL] Updater:284 - Updater called before beeing initialized
2021-03-29 00:06:35,649 [INFO] ThirdPartyUpdaterWithRetryManager:56 - Updater plugin not ready yet. [2/15]
2021-03-29 00:06:36,555 [WARN] DetailPanel:315 - Failed to get advertising image, set to default
2021-03-29 00:06:36,899 [FATAL] Updater:284 - Updater called before beeing initialized
2021-03-29 00:06:36,899 [FATAL] Updater:284 - Updater called before beeing initialized
2021-03-29 00:06:36,899 [FATAL] Updater:284 - Updater called before beeing initialized
2021-03-29 00:06:36,899 [WARN] DetailPanel:315 - Failed to get advertising image, set to default
2021-03-29 00:06:36,899 [FATAL] Updater:284 - Updater called before beeing initialized
2021-03-29 00:06:36,961 [FATAL] Updater:284 - Updater called before beeing initialized
2021-03-29 00:06:36,961 [WARN] ThirdParty:796 - waiting for thirdparty lock release [close project]
2021-03-29 00:06:38,664 [FATAL] Updater:284 - Updater called before beeing initialized
2021-03-29 00:06:38,664 [ERROR] AbstractThirdPartyUpdaterManager:153 - class java.lang.Integer cannot be cast to class java.util.List (java.lang.Integer and java.util.List are in module java.base of loader 'bootstrap')
2021-03-29 00:06:38,664 [INFO] ThirdParty:900 - Integrity check success = false
2021-03-29 00:06:38,664 [INFO] IntegrityCheckThread:75 - exiting critical section [integrity check]
2021-03-29 00:06:38,664 [INFO] IntegrityCheckThread:78 - End integrity checks thread
2021-03-29 00:06:38,664 [INFO] ThirdParty:798 - entering critical section [close project]
2021-03-29 00:06:38,664 [INFO] ThirdParty:809 - exiting critical section [close project]
2021-03-29 00:06:38,664 [INFO] PinOutPanel:1435 - setPackage(No Configuration,No Configuration)
2021-03-29 00:06:38,664 [FATAL] Updater:284 - Updater called before beeing initialized
2021-03-29 00:06:38,695 [INFO] Updater:1002 - Updater Version found : 6.2.0
2021-03-29 00:06:38,711 [INFO] ApplicationProperties:181 - Using Application install path: C:\ST\STM32CubeIDE_1.6.0\STM32CubeIDE\plugins\com.st.stm32cube.common.mx_6.2.0.202102191602
2021-03-29 00:06:38,883 [INFO] MainUpdater:2661 - connection check result : 10
2021-03-29 00:06:38,883 [INFO] MainUpdater:255 - Updater Check For Update Now.
2021-03-29 00:06:38,883 [INFO] MicroXplorer:472 - Change Database Version : DB.6.0.20
2021-03-29 00:06:38,930 [INFO] CheckServerUpdateThread:102 - End of CheckServer Thread
2021-03-29 00:06:38,961 [INFO] MainUpdater:2661 - connection check result : 10
2021-03-29 00:06:40,148 [INFO] CrossSelectorPresenter:1330 - Cross Selector saved comparison directory: C:\Users\ASWIN\.stmcufinder\plugins\mcufinder\mcu\cs_comparisons_mx
2021-03-29 00:06:40,148 [INFO] MultiScanPanel:200 - Auto-refresh data requested => check proxy status ongoing
2021-03-29 00:06:40,148 [INFO] FinderPluginLoader:87 - Searching for filters in installed packs
2021-03-29 00:06:40,148 [INFO] DbMcusXml:100 - Load MCU database from C:\ST\STM32CubeIDE_1.6.0\STM32CubeIDE\plugins\com.st.stm32cube.common.mx_6.2.0.202102191602\\db\/mcu/families.xml
2021-03-29 00:06:41,398 [INFO] DbMcusJson:94 - JSON generation date=Mon Feb 08 19:05:07 IST 2021 (1612791307)
2021-03-29 00:06:42,491 [INFO] DbMcus:175 - Found 1906 MCUs (1866 are supported by CubeMX, 1866 are visible in CubeMX)
2021-03-29 00:06:42,491 [INFO] ApiDb:251 - Load user favorites file C:\Users\ASWIN/.stm32cubeide/favorites.mcus.txt: 0 item(s)
2021-03-29 00:06:42,491 [INFO] ApiDb:255 - User favorites MCUs=[]
2021-03-29 00:06:42,491 [INFO] DbMcus:187 - Set 0 / 0 favorites MCUs
2021-03-29 00:06:43,085 [WARN] DetailPanel:315 - Failed to get advertising image, set to default
2021-03-29 00:06:43,694 [INFO] DbBoardsPdsc:90 - Found 24 items
2021-03-29 00:06:43,694 [INFO] DbBoardsPdsc:90 - Found 9 items
2021-03-29 00:06:43,710 [INFO] DbBoardsPdsc:90 - Found 33 items
2021-03-29 00:06:43,741 [INFO] DbBoardsPdsc:90 - Found 1 items
2021-03-29 00:06:43,757 [INFO] DbBoardsPdsc:90 - Found 46 items
2021-03-29 00:06:43,788 [INFO] DbBoardsPdsc:90 - Found 41 items
2021-03-29 00:06:43,803 [INFO] DbBoardsPdsc:90 - Found 2 items
2021-03-29 00:06:43,819 [INFO] DbBoardsPdsc:90 - Found 5 items
2021-03-29 00:06:43,850 [WARN] DbBoardsPdsc:254 - Board NUCLEO-WB15CC: unknown feature type=, name=, username=Three user LEDs, n=1
2021-03-29 00:06:43,850 [WARN] DbBoardsPdsc:254 - Board NUCLEO-WB15CC: unknown feature type=, name=, username=One reset and three user push-buttons, n=1
2021-03-29 00:06:43,850 [WARN] DbBoardsPdsc:254 - Board NUCLEO-WB15CC: unknown feature type=, name=, username=Arduino Uno V3 expansion connector, n=1
2021-03-29 00:06:43,850 [WARN] DbBoardsPdsc:254 - Board NUCLEO-WB15CC: unknown feature type=, name=, username=ST morpho extension pin headers for full access to all STM32WB I/Os, n=1
2021-03-29 00:06:43,850 [WARN] DbBoardsPdsc:254 - Board NUCLEO-WB15CC: unknown feature type=, name=, username=Integrated PCB antenna and SMA connector footprint, n=1
2021-03-29 00:06:43,850 [WARN] DbBoardsPdsc:254 - Board NUCLEO-WB15CC: unknown feature type=, name=, username=Flexible power-supply options: ST-LINK, USB VBUS, or external sources, n=1
2021-03-29 00:06:43,866 [WARN] DbBoardsPdsc:254 - Board NUCLEO-WB15CC: unknown feature type=, name=, username=On-board footprint to mount a CR2032 battery socket, n=1
2021-03-29 00:06:43,866 [WARN] DbBoardsPdsc:254 - Board NUCLEO-WB15CC: unknown feature type=, name=, username=On-board ST-LINK/V2-1 debugger/programmer with USB re-enumeration capability: mass storage, Virtual COM port, and debug port, n=1
2021-03-29 00:06:43,866 [WARN] DbBoardsPdsc:254 - Board NUCLEO-WB15CC: unknown feature type=, name=, username=Comprehensive free software libraries and examples available with the STM32CubeWB MCU Package, n=1
2021-03-29 00:06:43,866 [WARN] DbBoardsPdsc:254 - Board NUCLEO-WB15CC: unknown feature type=, name=, username=Support of a wide choice of Integrated Development Environments (IDEs) including IAR Embedded Workbench, MDK-ARM, STM32CubeIDE, and Mbed Studio, n=1
2021-03-29 00:06:43,866 [WARN] DbBoardsPdsc:254 - Board STM32H7B3I-DK: unknown feature type=Audio, name=, username=Audio stereo codec with Headphone Amp (CS42L51-CNZ), n=1
2021-03-29 00:06:43,866 [WARN] DbBoardsPdsc:254 - Board STM32H735G-DK: unknown feature type=Audio, name=, username=Audio stereo codec with Headphone Amp (WM8994ECS/R), n=1
2021-03-29 00:06:43,866 [WARN] DbBoardsPdsc:254 - Board STM32WB5MM-DK: unknown feature type=, name=, username=Time-of-Flight and gesture-detection sensor, n=1
2021-03-29 00:06:43,866 [WARN] DbBoardsPdsc:254 - Board STM32WB5MM-DK: unknown feature type=, name=, username=3 push-buttons (2 users and 1 reset) and 1 touch key button, n=1
2021-03-29 00:06:43,866 [WARN] DbBoardsPdsc:254 - Board STM32WB5MM-DK: unknown feature type=, name=, username=Flexible power-supply options: ST-LINK/V2-1 USB connector, 5 V delivered by ARDUINO® or external connector, USB charger, or USB power, n=1
2021-03-29 00:06:43,866 [WARN] DbBoardsPdsc:254 - Board STM32WB5MM-DK: unknown feature type=, name=, username=On-board ST-LINK/V2-1 debugger/programmer with USB re-enumeration capability: Virtual COM port and debug port, n=1
2021-03-29 00:06:43,866 [WARN] DbBoardsPdsc:254 - Board STM32WB5MM-DK: unknown feature type=, name=, username=Comprehensive free software libraries and examples available with the STM32CubeWB MCU Package, n=1
2021-03-29 00:06:43,866 [WARN] DbBoardsPdsc:254 - Board STM32WB5MM-DK: unknown feature type=, name=, username=Support of a wide choice of Integrated Development Environments (IDEs) including IAR Embedded Workbench®, MDK-ARM, and STM32CubeIDE, n=1
2021-03-29 00:06:43,866 [WARN] DbBoardsPdsc:254 - Board STM32H7B3I-EVAL: unknown feature type=Audio, name=, username=Multi-Channel Audio Codec (CS42L51-CNZ), n=1
2021-03-29 00:06:43,866 [WARN] DbBoardsPdsc:254 - Board STM32H7B3I-EVAL: unknown feature type=Meter, name=, username=Power-metering and Temperature-monitoring with sigma-delta modulators, n=1
2021-03-29 00:06:43,866 [WARN] DbBoardsPdsc:254 - Board STM32H7B3I-EVAL: unknown feature type=Motor, name=, username=Motor Control, n=1
2021-03-29 00:06:43,897 [INFO] DbBoardsJson:87 - JSON generation date=Thu Feb 04 22:23:45 IST 2021 (1612457625)
2021-03-29 00:06:43,913 [INFO] DbBoards:117 - Found 161 boards (158 are supported by CubeMX)
2021-03-29 00:06:43,928 [INFO] DbBoardsDocs:143 - JSON generation date=Mon Feb 08 19:05:07 IST 2021 (1612791307)
2021-03-29 00:06:43,960 [INFO] DbBoardsDocs:79 - Found 193 boards documents
2021-03-29 00:06:43,960 [WARN] DbBoards:127 - board B-L462E-CELL1 has no document id list !
2021-03-29 00:06:43,960 [WARN] DbBoards:127 - board B-L475E-IOT01A2 has no document id list !
2021-03-29 00:06:43,960 [WARN] DbBoards:127 - board NUCLEO-G0B1RE has no document id list !
2021-03-29 00:06:43,960 [WARN] DbBoards:127 - board NUCLEO-H743ZI2 has no document id list !
2021-03-29 00:06:43,960 [WARN] DbBoards:127 - board NUCLEO-L4A6ZG has no document id list !
2021-03-29 00:06:43,960 [WARN] DbBoards:127 - board NUCLEO-WB15CC has no document id list !
2021-03-29 00:06:43,960 [WARN] DbBoards:127 - board NUCLEO-WB55RG has no document id list !
2021-03-29 00:06:43,960 [WARN] DbBoards:127 - board NUCLEO-WL55JC2 has no document id list !
2021-03-29 00:06:43,960 [WARN] DbBoards:127 - board P-NUCLEO-WB55-Nucleo has no document id list !
2021-03-29 00:06:43,960 [WARN] DbBoards:127 - board P-NUCLEO-WB55-USBDongle has no document id list !
2021-03-29 00:06:43,960 [WARN] DbBoards:127 - board STEVAL-BFA001V1B has no document id list !
2021-03-29 00:06:43,960 [WARN] DbBoards:127 - board STEVAL-BFA001V2B has no document id list !
2021-03-29 00:06:43,960 [WARN] DbBoards:127 - board STEVAL-IDP005V1 has no document id list !
2021-03-29 00:06:43,960 [WARN] DbBoards:127 - board STEVAL-IDP005V2 has no document id list !
2021-03-29 00:06:43,960 [WARN] DbBoards:127 - board STEVAL-MKSBOX1V1 has no document id list !
2021-03-29 00:06:43,960 [WARN] DbBoards:127 - board STEVAL-STWINKT1 has no document id list !
2021-03-29 00:06:43,960 [WARN] DbBoards:127 - board STEVAL-STWINKT1B has no document id list !
2021-03-29 00:06:43,960 [WARN] DbBoards:127 - board STM32F401C-DISCO has no document id list !
2021-03-29 00:06:43,960 [WARN] DbBoards:127 - board STM32F769I-DISC1 has no document id list !
2021-03-29 00:06:43,960 [WARN] DbBoards:127 - board STM32G0C1E-EV has no document id list !
2021-03-29 00:06:43,960 [WARN] DbBoards:127 - board STM32G474E-EVAL1 has no document id list !
2021-03-29 00:06:43,960 [WARN] DbBoards:127 - board STM32H743I-EVAL2 has no document id list !
2021-03-29 00:06:43,960 [WARN] DbBoards:127 - board STM32H747I-DISC1 has no document id list !
2021-03-29 00:06:43,960 [WARN] DbBoards:127 - board STM32H753I-EVAL2 has no document id list !
2021-03-29 00:06:43,960 [WARN] DbBoards:127 - board STM32L-DISCOVERY has no document id list !
2021-03-29 00:06:43,960 [WARN] DbBoards:127 - board STM32MP157A-DK1 has no document id list !
2021-03-29 00:06:43,960 [WARN] DbBoards:127 - board STM32MP157F-DK2 has no document id list !
2021-03-29 00:06:43,960 [WARN] DbBoards:127 - board STM32MP157F-EV1 has no document id list !
2021-03-29 00:06:43,960 [WARN] DbBoards:127 - board STM32WB5MM-DK has no document id list !
2021-03-29 00:06:47,490 [INFO] ApiDb:242 - User favorites file not found: C:\Users\ASWIN/.stm32cubeide/favorites.boards.txt
2021-03-29 00:06:47,490 [INFO] DbBoards:206 - Set 0 / 0 favorites Boards
2021-03-29 00:07:10,506 [INFO] DbMcusDocs:143 - JSON generation date=Mon Feb 08 19:05:07 IST 2021 (1612791307)
2021-03-29 00:07:11,084 [INFO] DbMcusDocs:79 - Found 617 MCUs documents
2021-03-29 00:07:46,678 [INFO] MainUpdater:2661 - connection check result : 10
2021-03-29 00:07:54,772 [INFO] MainUpdater:2661 - connection check result : 10
2021-03-29 00:07:54,772 [INFO] MainUpdater:2661 - connection check result : 10
2021-03-29 00:07:54,819 [INFO] MicroXplorer:442 - Change Database Path : 
2021-03-29 00:07:54,819 [INFO] MicroXplorer:472 - Change Database Version : DB.6.0.20
2021-03-29 00:07:54,819 [WARN] ThirdParty:796 - waiting for thirdparty lock release [close project]
2021-03-29 00:07:54,819 [INFO] ThirdParty:798 - entering critical section [close project]
2021-03-29 00:07:54,819 [INFO] ThirdParty:809 - exiting critical section [close project]
2021-03-29 00:07:54,819 [INFO] PinOutPanel:1435 - setPackage(No Configuration,No Configuration)
2021-03-29 00:07:54,835 [INFO] UtilMem:74 - Begin LoadConfig() Used Memory: 515771800 Bytes (599785472)
2021-03-29 00:07:54,835 [INFO] MicroXplorer:442 - Change Database Path : 
2021-03-29 00:07:54,835 [INFO] MicroXplorer:472 - Change Database Version : DB.6.0.20
2021-03-29 00:07:54,835 [INFO] OpenFileManager:303 - Change cursor
2021-03-29 00:07:54,850 [WARN] IntegrityCheckThread:59 - waiting for thirdparty lock release [integrity check]
2021-03-29 00:07:54,850 [INFO] IntegrityCheckThread:61 - entering critical section [integrity check]
2021-03-29 00:07:55,069 [WARN] PackLoader:226 - Cannot read IP mode file for RoweBots.I-CUBE-UNISONRTOS.5.5.0-4
2021-03-29 00:07:55,116 [WARN] PackLoader:226 - Cannot read IP mode file for STMicroelectronics.X-CUBE-SFXS2LP1.3.0.0
2021-03-29 00:07:55,272 [WARN] PackLoader:226 - Cannot read IP mode file for STMicroelectronics.X-CUBE-MEMS1.8.2.0
2021-03-29 00:07:55,460 [WARN] PackLoader:226 - Cannot read IP mode file for STMicroelectronics.X-CUBE-EEPRMA1.3.0.0
2021-03-29 00:07:55,475 [WARN] PackLoader:226 - Cannot read IP mode file for STMicroelectronics.X-CUBE-NFC4.2.0.2
2021-03-29 00:07:55,491 [WARN] PackLoader:226 - Cannot read IP mode file for STMicroelectronics.X-CUBE-BLE2.3.2.0
2021-03-29 00:07:55,522 [WARN] PackLoader:226 - Cannot read IP mode file for STMicroelectronics.X-CUBE-SUBG2.4.0.0
2021-03-29 00:07:55,584 [WARN] PackLoader:226 - Cannot read IP mode file for STMicroelectronics.X-CUBE-AZRTOS-H7.1.0.0
2021-03-29 00:07:55,600 [WARN] PackLoader:226 - Cannot read IP mode file for STMicroelectronics.X-CUBE-DISPLAY.1.0.0
2021-03-29 00:07:55,631 [WARN] PackLoader:226 - Cannot read IP mode file for STMicroelectronics.X-CUBE-AI.6.0.0
2021-03-29 00:07:55,647 [WARN] PackLoader:226 - Cannot read IP mode file for STMicroelectronics.X-CUBE-ALGOBUILD.1.2.0
2021-03-29 00:07:55,663 [WARN] PackLoader:226 - Cannot read IP mode file for STMicroelectronics.X-CUBE-GNSS1.5.2.0
2021-03-29 00:07:55,678 [WARN] PackLoader:226 - Cannot read IP mode file for STMicroelectronics.X-CUBE-BLE1.6.1.0
2021-03-29 00:07:55,694 [WARN] PackLoader:226 - Cannot read IP mode file for wolfSSL.I-CUBE-wolfSSL.4.7.0
2021-03-29 00:07:55,709 [WARN] PackLoader:226 - Cannot read IP mode file for STMicroelectronics.X-CUBE-TOUCHGFX.4.16.1
2021-03-29 00:07:55,709 [INFO] ThirdParty:900 - Integrity check success = true
2021-03-29 00:07:55,709 [INFO] IntegrityCheckThread:75 - exiting critical section [integrity check]
2021-03-29 00:07:55,709 [INFO] IntegrityCheckThread:78 - End integrity checks thread
2021-03-29 00:08:03,038 [INFO] Context:587 - Trying to add GPIOservice into a context  which must be forbidden
2021-03-29 00:08:04,116 [INFO] ImportTextPane:162 - (OptionalMessage_ERROR) Unable to find key (Mcu.ThirdPartyNb) in loaded IOC file
2021-03-29 00:08:04,116 [INFO] ImportTextPane:162 - (OptionalMessage_ERROR) Unable to find key (Mcu.PinsNb) in loaded IOC file
2021-03-29 00:08:04,132 [INFO] ImportTextPane:162 - (OptionalMessage_ERROR) Unable to find key (Mcu.IPNb) in loaded IOC file
2021-03-29 00:08:04,241 [WARN] ApiManager:294 - Cannot register API 'Board Extension:S2868A1' from pack STMicroelectronics.X-CUBE-SFXS2LP1.3.0.0: no header file found
2021-03-29 00:08:04,241 [WARN] ApiManager:294 - Cannot register API 'Board Extension:S2868A2' from pack STMicroelectronics.X-CUBE-SFXS2LP1.3.0.0: no header file found
2021-03-29 00:08:04,241 [WARN] ApiManager:294 - Cannot register API 'Board Extension:S2915A1' from pack STMicroelectronics.X-CUBE-SFXS2LP1.3.0.0: no header file found
2021-03-29 00:08:04,241 [WARN] ModelIntegratedComponent:51 - No mode defined for component null
2021-03-29 00:08:04,241 [WARN] ModelIntegratedComponent:51 - No mode defined for component null
2021-03-29 00:08:04,241 [WARN] ModelIntegratedComponent:51 - No mode defined for component null
2021-03-29 00:08:04,241 [WARN] ModelIntegratedComponent:51 - No mode defined for component null
2021-03-29 00:08:04,241 [WARN] ModelIntegratedComponent:51 - No mode defined for component null
2021-03-29 00:08:04,241 [WARN] ModelIntegratedComponent:51 - No mode defined for component null
2021-03-29 00:08:04,241 [WARN] ModelIntegratedComponent:51 - No mode defined for component null
2021-03-29 00:08:04,241 [WARN] ModelIntegratedComponent:51 - No mode defined for component null
2021-03-29 00:08:04,241 [WARN] ModelIntegratedComponent:51 - No mode defined for component null
2021-03-29 00:08:04,241 [WARN] ModelIntegratedComponent:51 - No mode defined for component null
2021-03-29 00:08:04,241 [WARN] ModelIntegratedComponent:51 - No mode defined for component null
2021-03-29 00:08:04,241 [WARN] ModelIntegratedComponent:51 - No mode defined for component null
2021-03-29 00:08:04,241 [WARN] ModelIntegratedComponent:51 - No mode defined for component null
2021-03-29 00:08:04,241 [WARN] ModelIntegratedComponent:51 - No mode defined for component null
2021-03-29 00:08:04,257 [WARN] ModelIntegratedComponent:51 - No mode defined for component null
2021-03-29 00:08:04,257 [WARN] ModelIntegratedComponent:51 - No mode defined for component null
2021-03-29 00:08:04,257 [WARN] ModelIntegratedComponent:51 - No mode defined for component null
2021-03-29 00:08:04,257 [WARN] ModelIntegratedComponent:51 - No mode defined for component null
2021-03-29 00:08:04,257 [WARN] ModelIntegratedComponent:51 - No mode defined for component null
2021-03-29 00:08:04,257 [WARN] ModelIntegratedComponent:51 - No mode defined for component null
2021-03-29 00:08:04,257 [WARN] ModelIntegratedComponent:51 - No mode defined for component null
2021-03-29 00:08:04,257 [WARN] ModelIntegratedComponent:51 - No mode defined for component null
2021-03-29 00:08:04,257 [WARN] ModelIntegratedComponent:51 - No mode defined for component null
2021-03-29 00:08:04,257 [WARN] ModelIntegratedComponent:51 - No mode defined for component null
2021-03-29 00:08:04,257 [WARN] ModelIntegratedComponent:51 - No mode defined for component null
2021-03-29 00:08:04,257 [WARN] ModelIntegratedComponent:51 - No mode defined for component null
2021-03-29 00:08:04,257 [WARN] ModelIntegratedComponent:51 - No mode defined for component null
2021-03-29 00:08:04,257 [WARN] ApiManager:294 - Cannot register API 'Board Extension:S2868A1' from pack STMicroelectronics.X-CUBE-SUBG2.4.0.0: no header file found
2021-03-29 00:08:04,257 [WARN] ApiManager:294 - Cannot register API 'Board Extension:S2868A2' from pack STMicroelectronics.X-CUBE-SUBG2.4.0.0: no header file found
2021-03-29 00:08:04,257 [WARN] ApiManager:294 - Cannot register API 'Board Extension:S2915A1' from pack STMicroelectronics.X-CUBE-SUBG2.4.0.0: no header file found
2021-03-29 00:08:04,460 [WARN] ApiManager:294 - Cannot register API 'Board Extension:IKS01A3' from pack STMicroelectronics.X-CUBE-MEMS1.8.2.0: no header file found
2021-03-29 00:08:04,460 [WARN] ApiManager:294 - Cannot register API 'Board Extension:IKS01A2' from pack STMicroelectronics.X-CUBE-MEMS1.8.2.0: no header file found
2021-03-29 00:08:04,460 [WARN] ApiManager:294 - Cannot register API 'Board Extension:IKS02A1' from pack STMicroelectronics.X-CUBE-MEMS1.8.2.0: no header file found
2021-03-29 00:08:04,460 [WARN] ApiManager:294 - Cannot register API 'Board Extension:EEPRMA1' from pack STMicroelectronics.X-CUBE-EEPRMA1.3.0.0: no header file found
2021-03-29 00:08:04,460 [WARN] ApiManager:294 - Cannot register API 'Board Extension:EEPRMA2' from pack STMicroelectronics.X-CUBE-EEPRMA1.3.0.0: no header file found
2021-03-29 00:08:04,476 [INFO] RtosManager:470 - Registered RTOS mode: class=CMSIS, group=RTOS, mode=CMSIS_V1, owner=FREERTOS
2021-03-29 00:08:04,476 [INFO] RtosManager:470 - Registered RTOS mode: class=CMSIS, group=RTOS2, mode=CMSIS_V2, owner=FREERTOS
2021-03-29 00:08:04,476 [INFO] RtosManager:470 - Registered RTOS mode: class=RTOS, group=Core, mode=CMSIS_V1, owner=FREERTOS
2021-03-29 00:08:04,476 [INFO] RtosManager:470 - Registered RTOS mode: class=RTOS, group=Core, mode=CMSIS_V2, owner=FREERTOS
2021-03-29 00:08:04,476 [WARN] ModelIntegratedComponent:182 - Missing modes for component STMicroelectronics:FreeRTOS:0.0.1:STMicroelectronics:RTOS:FreeRTOS:Core:::10.2.0:
2021-03-29 00:08:04,476 [WARN] ApiManager:294 - Cannot register API 'Board Extension:GNSS1A1' from pack STMicroelectronics.X-CUBE-GNSS1.5.2.0: no header file found
2021-03-29 00:08:04,476 [WARN] ApiManager:294 - Cannot register API 'Board Support:Custom' from pack STMicroelectronics.X-CUBE-GNSS1.5.2.0: no header file found
2021-03-29 00:08:04,476 [WARN] ApiManager:294 - Cannot register API 'Data Exchange:lib_gnss' from pack STMicroelectronics.X-CUBE-GNSS1.5.2.0: no header file found
2021-03-29 00:08:04,476 [WARN] ApiManager:294 - Cannot register API 'Wireless:BlueNRG-MS' from pack STMicroelectronics.X-CUBE-BLE1.6.1.0: no header file found
2021-03-29 00:08:04,476 [WARN] ApiManager:294 - Cannot register API 'Board Extension:NFC04A1' from pack STMicroelectronics.X-CUBE-NFC4.2.0.2: no header file found
2021-03-29 00:08:04,476 [WARN] ApiManager:294 - Cannot register API 'Wireless:BlueNRG-2' from pack STMicroelectronics.X-CUBE-BLE2.3.2.0: no header file found
2021-03-29 00:08:06,569 [INFO] UtilMem:74 - End LoadConfig() Used Memory: 390113936 Bytes (599785472)
2021-03-29 00:08:06,600 [WARN] ThirdParty:762 - waiting for thirdparty lock release [change project]
2021-03-29 00:08:06,600 [INFO] ThirdParty:764 - entering critical section [change project]
2021-03-29 00:08:06,600 [INFO] ThirdParty:952 - CMSIS Pack Vendor :RoweBots I-CUBE-UNISONRTOS 5.5.0-4
2021-03-29 00:08:06,600 [INFO] ThirdParty:952 - CMSIS Pack Vendor :STMicroelectronics X-CUBE-SFXS2LP1 3.0.0
2021-03-29 00:08:06,600 [INFO] ThirdParty:952 - CMSIS Pack Vendor :STMicroelectronics USB_HOST 2.0.0
2021-03-29 00:08:06,600 [INFO] ThirdParty:952 - CMSIS Pack Vendor :STMicroelectronics USB_DEVICE 3.0.0
2021-03-29 00:08:06,600 [INFO] ThirdParty:952 - CMSIS Pack Vendor :STMicroelectronics HAL Drivers 0.0.0
2021-03-29 00:08:06,600 [INFO] ThirdParty:952 - CMSIS Pack Vendor :STMicroelectronics MBEDTLS 2.16.2
2021-03-29 00:08:06,600 [INFO] ThirdParty:952 - CMSIS Pack Vendor :STMicroelectronics MBEDTLS 2.14.1
2021-03-29 00:08:06,600 [INFO] ThirdParty:952 - CMSIS Pack Vendor :STMicroelectronics X-CUBE-SUBG2 4.0.0
2021-03-29 00:08:06,600 [INFO] ThirdParty:952 - CMSIS Pack Vendor :STMicroelectronics X-CUBE-AZRTOS-H7 1.0.0
2021-03-29 00:08:06,600 [INFO] ThirdParty:952 - CMSIS Pack Vendor :STMicroelectronics USB_DEVICE 2.0.0
2021-03-29 00:08:06,600 [INFO] ThirdParty:952 - CMSIS Pack Vendor :STMicroelectronics X-CUBE-MEMS1 8.2.0
2021-03-29 00:08:06,600 [INFO] ThirdParty:952 - CMSIS Pack Vendor :STMicroelectronics X-CUBE-EEPRMA1 3.0.0
2021-03-29 00:08:06,600 [INFO] ThirdParty:952 - CMSIS Pack Vendor :STMicroelectronics X-CUBE-DISPLAY 1.0.0
2021-03-29 00:08:06,600 [INFO] ThirdParty:952 - CMSIS Pack Vendor :STMicroelectronics FreeRTOS 0.0.1
2021-03-29 00:08:06,600 [INFO] ThirdParty:952 - CMSIS Pack Vendor :STMicroelectronics USB_DEVICE 1.0.0
2021-03-29 00:08:06,600 [INFO] ThirdParty:952 - CMSIS Pack Vendor :STMicroelectronics X-CUBE-AI 6.0.0
2021-03-29 00:08:06,600 [INFO] ThirdParty:952 - CMSIS Pack Vendor :STMicroelectronics X-CUBE-ALGOBUILD 1.2.0
2021-03-29 00:08:06,600 [INFO] ThirdParty:952 - CMSIS Pack Vendor :STMicroelectronics X-CUBE-GNSS1 5.2.0
2021-03-29 00:08:06,600 [INFO] ThirdParty:952 - CMSIS Pack Vendor :STMicroelectronics X-CUBE-BLE1 6.1.0
2021-03-29 00:08:06,600 [INFO] ThirdParty:952 - CMSIS Pack Vendor :STMicroelectronics lwIP 2.0.3
2021-03-29 00:08:06,600 [INFO] ThirdParty:952 - CMSIS Pack Vendor :STMicroelectronics lwIP 2.1.2
2021-03-29 00:08:06,600 [INFO] ThirdParty:952 - CMSIS Pack Vendor :STMicroelectronics USB_HOST 1.0.0
2021-03-29 00:08:06,600 [INFO] ThirdParty:952 - CMSIS Pack Vendor :STMicroelectronics X-CUBE-NFC4 2.0.2
2021-03-29 00:08:06,600 [INFO] ThirdParty:952 - CMSIS Pack Vendor :wolfSSL I-CUBE-wolfSSL 4.7.0
2021-03-29 00:08:06,600 [INFO] ThirdParty:952 - CMSIS Pack Vendor :STMicroelectronics X-CUBE-TOUCHGFX 4.16.1
2021-03-29 00:08:06,600 [INFO] ThirdParty:952 - CMSIS Pack Vendor :STMicroelectronics PDM2PCM 3.1.0
2021-03-29 00:08:06,600 [INFO] ThirdParty:952 - CMSIS Pack Vendor :STMicroelectronics PDM2PCM 3.2.0
2021-03-29 00:08:06,600 [INFO] ThirdParty:952 - CMSIS Pack Vendor :STMicroelectronics PDM2PCM 3.3.0
2021-03-29 00:08:06,600 [INFO] ThirdParty:952 - CMSIS Pack Vendor :STMicroelectronics X-CUBE-BLE2 3.2.0
2021-03-29 00:08:06,600 [INFO] ThirdParty:770 - exiting critical section [change project]
2021-03-29 00:08:07,162 [INFO] PinOutPanel:1435 - setPackage(No Configuration,No Configuration)
2021-03-29 00:08:07,162 [INFO] PinOutPanel:1435 - setPackage(STM32F767ZITx,LQFP144)
2021-03-29 00:08:08,037 [INFO] UtilMem:74 - Before build in PCC Used Memory: 342610944 Bytes (599785472)
2021-03-29 00:08:08,506 [INFO] SharedServices:72 - Folder for power plug-in: C:/Users/ASWIN/.stm32cubemx/plugins/power
2021-03-29 00:08:08,537 [INFO] SharedServices:72 - Folder for power plug-in: C:/Users/ASWIN/.stm32cubemx/plugins/power
2021-03-29 00:08:08,600 [INFO] SharedServices:72 - Folder for power plug-in: C:/Users/ASWIN/.stm32cubemx/plugins/power
2021-03-29 00:08:08,615 [INFO] SharedServices:72 - Folder for power plug-in: C:/Users/ASWIN/.stm32cubemx/plugins/power
2021-03-29 00:08:08,803 [INFO] UtilMem:74 - After build in PCC Used Memory: 435934208 Bytes (599785472)
2021-03-29 00:08:08,834 [INFO] IPUIPlugin:64 - create IPUIPlugin
2021-03-29 00:08:08,834 [INFO] IPUIPlugin:64 - create IPUIPlugin
2021-03-29 00:08:08,834 [INFO] IPUIPlugin:64 - create IPUIPlugin
2021-03-29 00:08:08,834 [INFO] IPUIPlugin:64 - create IPUIPlugin
2021-03-29 00:08:08,834 [INFO] IPUIPlugin:64 - create IPUIPlugin
2021-03-29 00:08:08,834 [INFO] IPUIPlugin:64 - create IPUIPlugin
2021-03-29 00:08:08,834 [INFO] IPUIPlugin:64 - create IPUIPlugin
2021-03-29 00:08:08,834 [INFO] IPUIPlugin:64 - create IPUIPlugin
2021-03-29 00:08:08,834 [INFO] IPUIPlugin:64 - create IPUIPlugin
2021-03-29 00:08:08,834 [INFO] IPUIPlugin:64 - create IPUIPlugin
2021-03-29 00:08:08,834 [INFO] IPUIPlugin:64 - create IPUIPlugin
2021-03-29 00:08:08,834 [INFO] IPUIPlugin:64 - create IPUIPlugin
2021-03-29 00:08:08,834 [INFO] IPUIPlugin:64 - create IPUIPlugin
2021-03-29 00:08:08,834 [INFO] IPUIPlugin:64 - create IPUIPlugin
2021-03-29 00:08:08,834 [INFO] IPUIPlugin:64 - create IPUIPlugin
2021-03-29 00:08:08,834 [INFO] IPUIPlugin:64 - create IPUIPlugin
2021-03-29 00:08:08,834 [INFO] IPUIPlugin:64 - create IPUIPlugin
2021-03-29 00:08:08,834 [INFO] IPUIPlugin:64 - create IPUIPlugin
2021-03-29 00:08:08,834 [INFO] IPUIPlugin:64 - create IPUIPlugin
2021-03-29 00:08:08,834 [INFO] IPUIPlugin:64 - create IPUIPlugin
2021-03-29 00:08:08,834 [INFO] IPUIPlugin:64 - create IPUIPlugin
2021-03-29 00:08:08,834 [INFO] IPUIPlugin:64 - create IPUIPlugin
2021-03-29 00:08:08,834 [INFO] IPUIPlugin:64 - create IPUIPlugin
2021-03-29 00:08:08,834 [INFO] IPUIPlugin:64 - create IPUIPlugin
2021-03-29 00:08:08,834 [INFO] IPUIPlugin:64 - create IPUIPlugin
2021-03-29 00:08:08,834 [INFO] IPUIPlugin:64 - create IPUIPlugin
2021-03-29 00:08:08,834 [INFO] IPUIPlugin:64 - create IPUIPlugin
2021-03-29 00:08:08,834 [INFO] IPUIPlugin:64 - create IPUIPlugin
2021-03-29 00:08:08,834 [INFO] IPUIPlugin:64 - create IPUIPlugin
2021-03-29 00:08:08,834 [INFO] IPUIPlugin:64 - create IPUIPlugin
2021-03-29 00:08:08,834 [INFO] IPUIPlugin:64 - create IPUIPlugin
2021-03-29 00:08:08,834 [INFO] IPUIPlugin:64 - create IPUIPlugin
2021-03-29 00:08:08,834 [INFO] IPUIPlugin:64 - create IPUIPlugin
2021-03-29 00:08:08,834 [INFO] IPUIPlugin:64 - create IPUIPlugin
2021-03-29 00:08:08,834 [INFO] IPUIPlugin:64 - create IPUIPlugin
2021-03-29 00:08:08,834 [INFO] IPUIPlugin:64 - create IPUIPlugin
2021-03-29 00:08:08,834 [INFO] IPUIPlugin:64 - create IPUIPlugin
2021-03-29 00:08:08,834 [INFO] IPUIPlugin:64 - create IPUIPlugin
2021-03-29 00:08:08,834 [INFO] IPUIPlugin:64 - create IPUIPlugin
2021-03-29 00:08:08,834 [INFO] IPUIPlugin:64 - create IPUIPlugin
2021-03-29 00:08:08,834 [INFO] IPUIPlugin:64 - create IPUIPlugin
2021-03-29 00:08:08,834 [INFO] IPUIPlugin:64 - create IPUIPlugin
2021-03-29 00:08:08,849 [INFO] IPUIPlugin:64 - create IPUIPlugin
2021-03-29 00:08:08,849 [INFO] IPUIPlugin:64 - create IPUIPlugin
2021-03-29 00:08:08,849 [INFO] IPUIPlugin:64 - create IPUIPlugin
2021-03-29 00:08:08,849 [INFO] IPUIPlugin:64 - create IPUIPlugin
2021-03-29 00:08:08,849 [INFO] IPUIPlugin:64 - create IPUIPlugin
2021-03-29 00:08:08,849 [INFO] IPUIPlugin:64 - create IPUIPlugin
2021-03-29 00:08:08,849 [INFO] IPUIPlugin:64 - create IPUIPlugin
2021-03-29 00:08:08,849 [INFO] IPUIPlugin:64 - create IPUIPlugin
2021-03-29 00:08:08,849 [INFO] IPUIPlugin:64 - create IPUIPlugin
2021-03-29 00:08:08,849 [INFO] IPUIPlugin:64 - create IPUIPlugin
2021-03-29 00:08:08,849 [INFO] IPUIPlugin:64 - create IPUIPlugin
2021-03-29 00:08:08,849 [INFO] IPUIPlugin:64 - create IPUIPlugin
2021-03-29 00:08:08,849 [INFO] IPUIPlugin:64 - create IPUIPlugin
2021-03-29 00:08:08,849 [INFO] IPUIPlugin:64 - create IPUIPlugin
2021-03-29 00:08:08,849 [INFO] IPUIPlugin:64 - create IPUIPlugin
2021-03-29 00:08:08,849 [INFO] IPUIPlugin:64 - create IPUIPlugin
2021-03-29 00:08:08,849 [INFO] IPUIPlugin:64 - create IPUIPlugin
2021-03-29 00:08:08,849 [INFO] IPUIPlugin:64 - create IPUIPlugin
2021-03-29 00:08:08,849 [INFO] IPUIPlugin:64 - create IPUIPlugin
2021-03-29 00:08:08,849 [INFO] IPUIPlugin:64 - create IPUIPlugin
2021-03-29 00:08:08,849 [INFO] IPUIPlugin:64 - create IPUIPlugin
2021-03-29 00:08:08,849 [INFO] IPUIPlugin:64 - create IPUIPlugin
2021-03-29 00:08:08,849 [INFO] IPUIPlugin:64 - create IPUIPlugin
2021-03-29 00:08:08,865 [INFO] IPUIPlugin:64 - create IPUIPlugin
2021-03-29 00:08:08,865 [INFO] IPUIPlugin:64 - create IPUIPlugin
2021-03-29 00:08:08,865 [INFO] IPUIPlugin:64 - create IPUIPlugin
2021-03-29 00:08:08,865 [INFO] IPUIPlugin:64 - create IPUIPlugin
2021-03-29 00:08:08,865 [INFO] IPUIPlugin:64 - create IPUIPlugin
2021-03-29 00:08:08,865 [INFO] IPUIPlugin:64 - create IPUIPlugin
2021-03-29 00:08:08,865 [INFO] IPUIPlugin:64 - create IPUIPlugin
2021-03-29 00:08:08,865 [INFO] IPUIPlugin:64 - create IPUIPlugin
2021-03-29 00:08:08,865 [INFO] IPUIPlugin:64 - create IPUIPlugin
2021-03-29 00:08:08,865 [INFO] IPUIPlugin:64 - create IPUIPlugin
2021-03-29 00:08:08,865 [INFO] IPUIPlugin:64 - create IPUIPlugin
2021-03-29 00:08:08,865 [INFO] IPUIPlugin:64 - create IPUIPlugin
2021-03-29 00:08:08,865 [INFO] IPUIPlugin:64 - create IPUIPlugin
2021-03-29 00:08:08,865 [INFO] IPUIPlugin:64 - create IPUIPlugin
2021-03-29 00:08:08,928 [INFO] ApiDbMcu:458 - Load IP Config File for PDM2PCM
2021-03-29 00:08:08,959 [INFO] LogOutputStream:76 - [STDOUT_REDIRECT] toolchainItems.length=====1
2021-03-29 00:08:09,053 [INFO] OpenFileManager:323 - Restore cursor
2021-03-29 00:08:09,664 [INFO] UtilMem:74 - End SaveConfig() Used Memory: 407712120 Bytes (599785472)
2021-03-29 00:08:20,789 [INFO] FileExtend:225 - Unzip File : stm32cube_fw_f7_v1160.zip
2021-03-29 00:08:20,789 [INFO] FileExtend:240 - Standard Zip Deflate
2021-03-29 00:10:27,084 [INFO] RetryExec:97 - I/O exception (org.apache.http.NoHttpResponseException) caught when processing request to {}->http://sw-center.st.com:80: The target server failed to respond
2021-03-29 00:10:27,084 [INFO] RetryExec:113 - Retrying request to {}->http://sw-center.st.com:80
2021-03-29 00:11:23,179 [INFO] FileExtend:225 - Unzip File : stm32cube_fw_f7_v1161.zip
2021-03-29 00:11:23,179 [INFO] FileExtend:240 - Standard Zip Deflate
2021-03-29 00:13:11,599 [INFO] LoadServerPackagesThread:169 - End of LoadServerPackages Thread
2021-03-29 00:13:12,115 [INFO] UtilMem:74 - End SaveConfig() Used Memory: 907128128 Bytes (1073741824)
2021-03-29 00:13:12,474 [INFO] CheckServerUpdateThread:102 - End of CheckServer Thread
2021-03-29 00:13:12,927 [INFO] BlockDiagram:2735 - set Specific Code input for plugin: SYS
2021-03-29 00:13:12,927 [INFO] BlockDiagram:2735 - set Specific Code input for plugin: RCC
2021-03-29 00:13:12,927 [INFO] BlockDiagram:2735 - set Specific Code input for plugin: NVIC
2021-03-29 00:13:12,927 [INFO] CodeGenerator:641 - code generatio: config db path: C:\ST\STM32CubeIDE_1.6.0\STM32CubeIDE\plugins\com.st.stm32cube.common.mx_6.2.0.202102191602\\db\
2021-03-29 00:13:14,942 [INFO] CodeEngine:229 - oldGeneratedFile, D:\My_Wisdom\Works\Github\Nucleo_STM32F767ZIT6\Binky\Workspce\Blinky\MXTmpFiles\license.tmp_save
2021-03-29 00:13:15,757 [INFO] CodeEngine:247 - Generated code: D:\My_Wisdom\Works\Github\Nucleo_STM32F767ZIT6\Binky\Workspce\Blinky\MXTmpFiles\license.tmp
2021-03-29 00:13:18,366 [INFO] LogOutputStream:76 - [STDOUT_REDIRECT] Command line
2021-03-29 00:13:18,537 [INFO] CodeEngine:229 - oldGeneratedFile, D:\My_Wisdom\Works\Github\Nucleo_STM32F767ZIT6\Binky\Workspce\Blinky\MXTmpFiles\cortex.tmp_save
2021-03-29 00:13:18,678 [INFO] CodeEngine:247 - Generated code: D:\My_Wisdom\Works\Github\Nucleo_STM32F767ZIT6\Binky\Workspce\Blinky\MXTmpFiles\cortex.tmp
2021-03-29 00:13:18,834 [INFO] CodeEngine:229 - oldGeneratedFile, D:\My_Wisdom\Works\Github\Nucleo_STM32F767ZIT6\Binky\Workspce\Blinky\Core\Src\stm32f7xx_it.c_save
2021-03-29 00:13:18,959 [INFO] CodeEngine:247 - Generated code: D:\My_Wisdom\Works\Github\Nucleo_STM32F767ZIT6\Binky\Workspce\Blinky\Core\Src\stm32f7xx_it.c
2021-03-29 00:13:19,100 [INFO] CodeEngine:229 - oldGeneratedFile, D:\My_Wisdom\Works\Github\Nucleo_STM32F767ZIT6\Binky\Workspce\Blinky\Core\Inc\stm32f7xx_it.h_save
2021-03-29 00:13:19,209 [INFO] CodeEngine:247 - Generated code: D:\My_Wisdom\Works\Github\Nucleo_STM32F767ZIT6\Binky\Workspce\Blinky\Core\Inc\stm32f7xx_it.h
2021-03-29 00:13:19,990 [INFO] CodeEngine:229 - oldGeneratedFile, D:\My_Wisdom\Works\Github\Nucleo_STM32F767ZIT6\Binky\Workspce\Blinky\Core\Src\stm32f7xx_hal_msp.c_save
2021-03-29 00:13:20,148 [INFO] CodeEngine:247 - Generated code: D:\My_Wisdom\Works\Github\Nucleo_STM32F767ZIT6\Binky\Workspce\Blinky\Core\Src\stm32f7xx_hal_msp.c
2021-03-29 00:13:20,241 [INFO] CodeEngine:229 - oldGeneratedFile, D:\My_Wisdom\Works\Github\Nucleo_STM32F767ZIT6\Binky\Workspce\Blinky\MXTmpFiles\system.tmp_save
2021-03-29 00:13:20,304 [INFO] CodeEngine:247 - Generated code: D:\My_Wisdom\Works\Github\Nucleo_STM32F767ZIT6\Binky\Workspce\Blinky\MXTmpFiles\system.tmp
2021-03-29 00:13:21,101 [INFO] CodeEngine:229 - oldGeneratedFile, D:\My_Wisdom\Works\Github\Nucleo_STM32F767ZIT6\Binky\Workspce\Blinky\Core\Inc\stm32f7xx_hal_conf.h_save
2021-03-29 00:13:21,476 [INFO] CodeEngine:247 - Generated code: D:\My_Wisdom\Works\Github\Nucleo_STM32F767ZIT6\Binky\Workspce\Blinky\Core\Inc\stm32f7xx_hal_conf.h
2021-03-29 00:13:22,335 [INFO] CodeEngine:229 - oldGeneratedFile, D:\My_Wisdom\Works\Github\Nucleo_STM32F767ZIT6\Binky\Workspce\Blinky\Core\Inc\main.h_save
2021-03-29 00:13:22,428 [INFO] CodeEngine:247 - Generated code: D:\My_Wisdom\Works\Github\Nucleo_STM32F767ZIT6\Binky\Workspce\Blinky\Core\Inc\main.h
2021-03-29 00:13:22,632 [INFO] CodeEngine:229 - oldGeneratedFile, D:\My_Wisdom\Works\Github\Nucleo_STM32F767ZIT6\Binky\Workspce\Blinky\Core\Src\main.c_save
2021-03-29 00:13:22,741 [INFO] CodeEngine:247 - Generated code: D:\My_Wisdom\Works\Github\Nucleo_STM32F767ZIT6\Binky\Workspce\Blinky\Core\Src\main.c
2021-03-29 00:13:24,084 [INFO] ProjectBuilder:2460 - Time for Copy HAL[1] : 156mS.
2021-03-29 00:13:24,100 [INFO] ProjectBuilder:3418 - Project Generator version: 3.13.0-B3
2021-03-29 00:13:25,006 [INFO] ConfigFileManager:1242 - The Die is : DIE451
2021-03-29 00:13:25,068 [INFO] ApiDbMcu:458 - Load IP Config File for FATFS
2021-03-29 00:13:25,147 [INFO] ApiDbMcu:458 - Load IP Config File for FREERTOS
2021-03-29 00:13:25,209 [INFO] ApiDbMcu:458 - Load IP Config File for LIBJPEG
2021-03-29 00:13:25,365 [INFO] ApiDbMcu:458 - Load IP Config File for LWIP
2021-03-29 00:13:25,459 [INFO] ApiDbMcu:458 - Load IP Config File for MBEDTLS
2021-03-29 00:13:25,537 [INFO] ApiDbMcu:458 - Load IP Config File for USB_DEVICE
2021-03-29 00:13:25,693 [INFO] ApiDbMcu:458 - Load IP Config File for USB_HOST
2021-03-29 00:13:44,351 [INFO] ProjectBuilder:3584 - Time for Generating toolchain IDE Files: 20251mS.
2021-03-29 00:13:44,351 [INFO] ProjectBuilder:2339 - Time for Copy CMSIS : 0mS.
2021-03-29 00:13:44,351 [INFO] ProjectBuilder:2339 - Time for Copy CMSIS : 0mS.
2021-03-29 00:13:45,304 [INFO] ApiDb:276 - Save user favorites file C:\Users\ASWIN/.stm32cubeide/favorites.mcus.txt: 0 item(s)
2021-03-29 00:13:45,304 [INFO] ApiDb:280 - User favorites MCUs=[]
2021-03-29 00:16:08,390 [INFO] Gpio:248 - dependency for GPIO []
2021-03-29 00:21:18,355 [INFO] UtilMem:74 - End SaveConfig() Used Memory: 837674576 Bytes (1073741824)
2021-03-29 00:21:26,897 [INFO] UtilMem:74 - End SaveConfig() Used Memory: 859898904 Bytes (1073741824)
2021-03-29 00:21:38,068 [INFO] UtilMem:74 - End SaveConfig() Used Memory: 587481208 Bytes (1073741824)
2021-03-29 00:21:38,662 [INFO] BlockDiagram:2735 - set Specific Code input for plugin: SYS
2021-03-29 00:21:38,662 [INFO] BlockDiagram:2735 - set Specific Code input for plugin: RCC
2021-03-29 00:21:38,662 [INFO] BlockDiagram:2735 - set Specific Code input for plugin: NVIC
2021-03-29 00:21:38,662 [INFO] BlockDiagram:2735 - set Specific Code input for plugin: GPIO
2021-03-29 00:21:38,662 [INFO] CodeGenerator:641 - code generatio: config db path: C:\ST\STM32CubeIDE_1.6.0\STM32CubeIDE\plugins\com.st.stm32cube.common.mx_6.2.0.202102191602\\db\
2021-03-29 00:21:39,693 [INFO] CodeEngine:229 - oldGeneratedFile, D:\My_Wisdom\Works\Github\Nucleo_STM32F767ZIT6\Binky\Workspce\Blinky\MXTmpFiles\license.tmp_save
2021-03-29 00:21:39,896 [INFO] CodeEngine:247 - Generated code: D:\My_Wisdom\Works\Github\Nucleo_STM32F767ZIT6\Binky\Workspce\Blinky\MXTmpFiles\license.tmp
2021-03-29 00:21:40,068 [INFO] CodeEngine:229 - oldGeneratedFile, D:\My_Wisdom\Works\Github\Nucleo_STM32F767ZIT6\Binky\Workspce\Blinky\MXTmpFiles\gpio.tmp_save
2021-03-29 00:21:40,224 [INFO] CodeEngine:247 - Generated code: D:\My_Wisdom\Works\Github\Nucleo_STM32F767ZIT6\Binky\Workspce\Blinky\MXTmpFiles\gpio.tmp
2021-03-29 00:21:40,255 [INFO] LogOutputStream:76 - [STDOUT_REDIRECT] Command line
2021-03-29 00:21:40,271 [INFO] CodeEngine:229 - oldGeneratedFile, D:\My_Wisdom\Works\Github\Nucleo_STM32F767ZIT6\Binky\Workspce\Blinky\MXTmpFiles\cortex.tmp_save
2021-03-29 00:21:40,333 [INFO] CodeEngine:247 - Generated code: D:\My_Wisdom\Works\Github\Nucleo_STM32F767ZIT6\Binky\Workspce\Blinky\MXTmpFiles\cortex.tmp
2021-03-29 00:21:40,349 [INFO] CodeEngine:229 - oldGeneratedFile, D:\My_Wisdom\Works\Github\Nucleo_STM32F767ZIT6\Binky\Workspce\Blinky\Core\Src\stm32f7xx_it.c_save
2021-03-29 00:21:40,458 [INFO] CodeEngine:247 - Generated code: D:\My_Wisdom\Works\Github\Nucleo_STM32F767ZIT6\Binky\Workspce\Blinky\Core\Src\stm32f7xx_it.c
2021-03-29 00:21:40,458 [INFO] CodeEngine:229 - oldGeneratedFile, D:\My_Wisdom\Works\Github\Nucleo_STM32F767ZIT6\Binky\Workspce\Blinky\Core\Inc\stm32f7xx_it.h_save
2021-03-29 00:21:40,552 [INFO] CodeEngine:247 - Generated code: D:\My_Wisdom\Works\Github\Nucleo_STM32F767ZIT6\Binky\Workspce\Blinky\Core\Inc\stm32f7xx_it.h
2021-03-29 00:21:40,568 [INFO] CodeEngine:229 - oldGeneratedFile, D:\My_Wisdom\Works\Github\Nucleo_STM32F767ZIT6\Binky\Workspce\Blinky\Core\Src\stm32f7xx_hal_msp.c_save
2021-03-29 00:21:40,708 [INFO] CodeEngine:247 - Generated code: D:\My_Wisdom\Works\Github\Nucleo_STM32F767ZIT6\Binky\Workspce\Blinky\Core\Src\stm32f7xx_hal_msp.c
2021-03-29 00:21:40,708 [INFO] CodeEngine:229 - oldGeneratedFile, D:\My_Wisdom\Works\Github\Nucleo_STM32F767ZIT6\Binky\Workspce\Blinky\MXTmpFiles\system.tmp_save
2021-03-29 00:21:40,786 [INFO] CodeEngine:247 - Generated code: D:\My_Wisdom\Works\Github\Nucleo_STM32F767ZIT6\Binky\Workspce\Blinky\MXTmpFiles\system.tmp
2021-03-29 00:21:40,802 [INFO] CodeEngine:229 - oldGeneratedFile, D:\My_Wisdom\Works\Github\Nucleo_STM32F767ZIT6\Binky\Workspce\Blinky\Core\Inc\stm32f7xx_hal_conf.h_save
2021-03-29 00:21:40,974 [INFO] CodeEngine:247 - Generated code: D:\My_Wisdom\Works\Github\Nucleo_STM32F767ZIT6\Binky\Workspce\Blinky\Core\Inc\stm32f7xx_hal_conf.h
2021-03-29 00:21:41,021 [INFO] CodeEngine:229 - oldGeneratedFile, D:\My_Wisdom\Works\Github\Nucleo_STM32F767ZIT6\Binky\Workspce\Blinky\Core\Inc\main.h_save
2021-03-29 00:21:41,161 [INFO] CodeEngine:247 - Generated code: D:\My_Wisdom\Works\Github\Nucleo_STM32F767ZIT6\Binky\Workspce\Blinky\Core\Inc\main.h
2021-03-29 00:21:41,161 [INFO] CodeEngine:229 - oldGeneratedFile, D:\My_Wisdom\Works\Github\Nucleo_STM32F767ZIT6\Binky\Workspce\Blinky\Core\Src\main.c_save
2021-03-29 00:21:41,302 [INFO] CodeEngine:247 - Generated code: D:\My_Wisdom\Works\Github\Nucleo_STM32F767ZIT6\Binky\Workspce\Blinky\Core\Src\main.c
2021-03-29 00:21:42,911 [INFO] ProjectBuilder:2460 - Time for Copy HAL[1] : 797mS.
2021-03-29 00:21:42,911 [INFO] ProjectBuilder:3418 - Project Generator version: 3.13.0-B3
2021-03-29 00:21:43,895 [INFO] ConfigFileManager:1242 - The Die is : DIE451
2021-03-29 00:21:47,662 [INFO] ProjectBuilder:3584 - Time for Generating toolchain IDE Files: 4751mS.
2021-03-29 00:21:47,678 [INFO] ProjectBuilder:2339 - Time for Copy CMSIS : 0mS.
2021-03-29 00:21:47,678 [INFO] ProjectBuilder:2339 - Time for Copy CMSIS : 0mS.
2021-03-29 00:22:09,130 [INFO] UtilMem:74 - End SaveConfig() Used Memory: 570452608 Bytes (1073741824)
2021-03-29 00:22:09,583 [INFO] BlockDiagram:2735 - set Specific Code input for plugin: SYS
2021-03-29 00:22:09,583 [INFO] BlockDiagram:2735 - set Specific Code input for plugin: RCC
2021-03-29 00:22:09,583 [INFO] BlockDiagram:2735 - set Specific Code input for plugin: NVIC
2021-03-29 00:22:09,583 [INFO] BlockDiagram:2735 - set Specific Code input for plugin: GPIO
2021-03-29 00:22:09,583 [INFO] CodeGenerator:641 - code generatio: config db path: C:\ST\STM32CubeIDE_1.6.0\STM32CubeIDE\plugins\com.st.stm32cube.common.mx_6.2.0.202102191602\\db\
2021-03-29 00:22:10,568 [INFO] CodeEngine:229 - oldGeneratedFile, D:\My_Wisdom\Works\Github\Nucleo_STM32F767ZIT6\Binky\Workspce\Blinky\MXTmpFiles\license.tmp_save
2021-03-29 00:22:10,695 [INFO] CodeEngine:247 - Generated code: D:\My_Wisdom\Works\Github\Nucleo_STM32F767ZIT6\Binky\Workspce\Blinky\MXTmpFiles\license.tmp
2021-03-29 00:22:10,726 [INFO] CodeEngine:229 - oldGeneratedFile, D:\My_Wisdom\Works\Github\Nucleo_STM32F767ZIT6\Binky\Workspce\Blinky\MXTmpFiles\gpio.tmp_save
2021-03-29 00:22:10,836 [INFO] CodeEngine:247 - Generated code: D:\My_Wisdom\Works\Github\Nucleo_STM32F767ZIT6\Binky\Workspce\Blinky\MXTmpFiles\gpio.tmp
2021-03-29 00:22:10,882 [INFO] LogOutputStream:76 - [STDOUT_REDIRECT] Command line
2021-03-29 00:22:10,914 [INFO] CodeEngine:229 - oldGeneratedFile, D:\My_Wisdom\Works\Github\Nucleo_STM32F767ZIT6\Binky\Workspce\Blinky\MXTmpFiles\cortex.tmp_save
2021-03-29 00:22:10,992 [INFO] CodeEngine:247 - Generated code: D:\My_Wisdom\Works\Github\Nucleo_STM32F767ZIT6\Binky\Workspce\Blinky\MXTmpFiles\cortex.tmp
2021-03-29 00:22:11,039 [INFO] CodeEngine:229 - oldGeneratedFile, D:\My_Wisdom\Works\Github\Nucleo_STM32F767ZIT6\Binky\Workspce\Blinky\Core\Src\stm32f7xx_it.c_save
2021-03-29 00:22:11,132 [INFO] CodeEngine:247 - Generated code: D:\My_Wisdom\Works\Github\Nucleo_STM32F767ZIT6\Binky\Workspce\Blinky\Core\Src\stm32f7xx_it.c
2021-03-29 00:22:11,148 [INFO] CodeEngine:229 - oldGeneratedFile, D:\My_Wisdom\Works\Github\Nucleo_STM32F767ZIT6\Binky\Workspce\Blinky\Core\Inc\stm32f7xx_it.h_save
2021-03-29 00:22:11,226 [INFO] CodeEngine:247 - Generated code: D:\My_Wisdom\Works\Github\Nucleo_STM32F767ZIT6\Binky\Workspce\Blinky\Core\Inc\stm32f7xx_it.h
2021-03-29 00:22:11,242 [INFO] CodeEngine:229 - oldGeneratedFile, D:\My_Wisdom\Works\Github\Nucleo_STM32F767ZIT6\Binky\Workspce\Blinky\Core\Src\stm32f7xx_hal_msp.c_save
2021-03-29 00:22:11,351 [INFO] CodeEngine:247 - Generated code: D:\My_Wisdom\Works\Github\Nucleo_STM32F767ZIT6\Binky\Workspce\Blinky\Core\Src\stm32f7xx_hal_msp.c
2021-03-29 00:22:11,367 [INFO] CodeEngine:229 - oldGeneratedFile, D:\My_Wisdom\Works\Github\Nucleo_STM32F767ZIT6\Binky\Workspce\Blinky\MXTmpFiles\system.tmp_save
2021-03-29 00:22:11,429 [INFO] CodeEngine:247 - Generated code: D:\My_Wisdom\Works\Github\Nucleo_STM32F767ZIT6\Binky\Workspce\Blinky\MXTmpFiles\system.tmp
2021-03-29 00:22:11,460 [INFO] CodeEngine:229 - oldGeneratedFile, D:\My_Wisdom\Works\Github\Nucleo_STM32F767ZIT6\Binky\Workspce\Blinky\Core\Inc\stm32f7xx_hal_conf.h_save
2021-03-29 00:22:11,663 [INFO] CodeEngine:247 - Generated code: D:\My_Wisdom\Works\Github\Nucleo_STM32F767ZIT6\Binky\Workspce\Blinky\Core\Inc\stm32f7xx_hal_conf.h
2021-03-29 00:22:11,757 [INFO] CodeEngine:229 - oldGeneratedFile, D:\My_Wisdom\Works\Github\Nucleo_STM32F767ZIT6\Binky\Workspce\Blinky\Core\Inc\main.h_save
2021-03-29 00:22:11,898 [INFO] CodeEngine:247 - Generated code: D:\My_Wisdom\Works\Github\Nucleo_STM32F767ZIT6\Binky\Workspce\Blinky\Core\Inc\main.h
2021-03-29 00:22:11,929 [INFO] CodeEngine:229 - oldGeneratedFile, D:\My_Wisdom\Works\Github\Nucleo_STM32F767ZIT6\Binky\Workspce\Blinky\Core\Src\main.c_save
2021-03-29 00:22:12,070 [INFO] CodeEngine:247 - Generated code: D:\My_Wisdom\Works\Github\Nucleo_STM32F767ZIT6\Binky\Workspce\Blinky\Core\Src\main.c
2021-03-29 00:22:14,225 [INFO] ProjectBuilder:2460 - Time for Copy HAL[1] : 1015mS.
2021-03-29 00:22:14,225 [INFO] ProjectBuilder:3418 - Project Generator version: 3.13.0-B3
2021-03-29 00:22:14,741 [INFO] ConfigFileManager:1242 - The Die is : DIE451
2021-03-29 00:22:17,365 [INFO] ProjectBuilder:3584 - Time for Generating toolchain IDE Files: 3140mS.
2021-03-29 00:22:17,365 [INFO] ProjectBuilder:2339 - Time for Copy CMSIS : 0mS.
2021-03-29 00:22:17,365 [INFO] ProjectBuilder:2339 - Time for Copy CMSIS : 0mS.
